<?xml version="1.0" encoding="UTF-8"?>
<testng-results skipped="0" failed="1" ignored="1" total="2" passed="0">
  <reporter-output>
    <line>
      <![CDATA[Clicking on: maximizeWindowBtn]]>
    </line>
    <line>
      <![CDATA[Trying to find Element: maximizeWindowBtn]]>
    </line>
    <line>
      <![CDATA[Found Element: maximizeWindowBtn]]>
    </line>
    <line>
      <![CDATA[Sending text 'uma.maheswararao+1@idrive.com' to: username]]>
    </line>
    <line>
      <![CDATA[Trying to find Element: username]]>
    </line>
    <line>
      <![CDATA[Found Element: username]]>
    </line>
    <line>
      <![CDATA[Sending text 'test123' to: password]]>
    </line>
    <line>
      <![CDATA[Trying to find Element: password]]>
    </line>
    <line>
      <![CDATA[Found Element: password]]>
    </line>
  </reporter-output>
  <suite name="Default suite" duration-ms="20622" started-at="2020-03-03T17:03:52Z" finished-at="2020-03-03T17:04:13Z">
    <groups>
    </groups>
    <test name="Default test" duration-ms="20622" started-at="2020-03-03T17:03:52Z" finished-at="2020-03-03T17:04:13Z">
      <class name="com.testcases.LoginPageTest">
        <test-method status="PASS" signature="beforeSuite()[pri:0, instance:com.testcases.LoginPageTest@598067a5]" name="beforeSuite" is-config="true" duration-ms="297" started-at="2020-03-03T17:03:52Z" finished-at="2020-03-03T17:03:52Z">
          <reporter-output>
          </reporter-output>
        </test-method> <!-- beforeSuite -->
        <test-method status="PASS" signature="setUp()[pri:0, instance:com.testcases.LoginPageTest@598067a5]" name="setUp" is-config="true" duration-ms="2890" started-at="2020-03-03T17:03:52Z" finished-at="2020-03-03T17:03:55Z">
          <reporter-output>
          </reporter-output>
        </test-method> <!-- setUp -->
        <test-method status="FAIL" signature="login_and_logout_Test()[pri:0, instance:com.testcases.LoginPageTest@598067a5]" name="login_and_logout_Test" duration-ms="7415" started-at="2020-03-03T17:03:55Z" finished-at="2020-03-03T17:04:03Z">
          <exception class="java.lang.AssertionError">
            <message>
              <![CDATA[null]]>
            </message>
            <full-stacktrace>
              <![CDATA[java.lang.AssertionError: null
at org.testng.Assert.fail(Assert.java:96)
at org.testng.Assert.fail(Assert.java:103)
at com.pages.LoginPage.verify_login_functionality(LoginPage.java:42)
at com.testcases.LoginPageTest.login_and_logout_Test(LoginPageTest.java:35)
at sun.reflect.NativeMethodAccessorImpl.invoke0(Native Method)
at sun.reflect.NativeMethodAccessorImpl.invoke(NativeMethodAccessorImpl.java:62)
at sun.reflect.DelegatingMethodAccessorImpl.invoke(DelegatingMethodAccessorImpl.java:43)
at java.lang.reflect.Method.invoke(Method.java:498)
at org.testng.internal.MethodInvocationHelper.invokeMethod(MethodInvocationHelper.java:124)
at org.testng.internal.Invoker.invokeMethod(Invoker.java:583)
at org.testng.internal.Invoker.invokeTestMethod(Invoker.java:719)
at org.testng.internal.Invoker.invokeTestMethods(Invoker.java:989)
at org.testng.internal.TestMethodWorker.invokeTestMethods(TestMethodWorker.java:125)
at org.testng.internal.TestMethodWorker.run(TestMethodWorker.java:109)
at org.testng.TestRunner.privateRun(TestRunner.java:648)
at org.testng.TestRunner.run(TestRunner.java:505)
at org.testng.SuiteRunner.runTest(SuiteRunner.java:455)
at org.testng.SuiteRunner.runSequentially(SuiteRunner.java:450)
at org.testng.SuiteRunner.privateRun(SuiteRunner.java:415)
at org.testng.SuiteRunner.run(SuiteRunner.java:364)
at org.testng.SuiteRunnerWorker.runSuite(SuiteRunnerWorker.java:52)
at org.testng.SuiteRunnerWorker.run(SuiteRunnerWorker.java:84)
at org.testng.TestNG.runSuitesSequentially(TestNG.java:1208)
at org.testng.TestNG.runSuitesLocally(TestNG.java:1137)
at org.testng.TestNG.runSuites(TestNG.java:1049)
at org.testng.TestNG.run(TestNG.java:1017)
at org.testng.remote.AbstractRemoteTestNG.run(AbstractRemoteTestNG.java:115)
at org.testng.remote.RemoteTestNG.initAndRun(RemoteTestNG.java:251)
at org.testng.remote.RemoteTestNG.main(RemoteTestNG.java:77)
]]>
            </full-stacktrace>
          </exception> <!-- java.lang.AssertionError -->
          <reporter-output>
            <line>
              <![CDATA[Clicking on: maximizeWindowBtn]]>
            </line>
            <line>
              <![CDATA[Trying to find Element: maximizeWindowBtn]]>
            </line>
            <line>
              <![CDATA[Found Element: maximizeWindowBtn]]>
            </line>
            <line>
              <![CDATA[Sending text 'uma.maheswararao+1@idrive.com' to: username]]>
            </line>
            <line>
              <![CDATA[Trying to find Element: username]]>
            </line>
            <line>
              <![CDATA[Found Element: username]]>
            </line>
            <line>
              <![CDATA[Sending text 'test123' to: password]]>
            </line>
            <line>
              <![CDATA[Trying to find Element: password]]>
            </line>
            <line>
              <![CDATA[Found Element: password]]>
            </line>
          </reporter-output>
        </test-method> <!-- login_and_logout_Test -->
        <test-method status="PASS" signature="tearDown()[pri:0, instance:com.testcases.LoginPageTest@598067a5]" name="tearDown" is-config="true" duration-ms="10153" started-at="2020-03-03T17:04:03Z" finished-at="2020-03-03T17:04:13Z">
          <reporter-output>
          </reporter-output>
        </test-method> <!-- tearDown -->
        <test-method status="PASS" signature="afterSuite()[pri:0, instance:com.testcases.LoginPageTest@598067a5]" name="afterSuite" is-config="true" duration-ms="0" started-at="2020-03-03T17:04:13Z" finished-at="2020-03-03T17:04:13Z">
          <reporter-output>
          </reporter-output>
        </test-method> <!-- afterSuite -->
      </class> <!-- com.testcases.LoginPageTest -->
    </test> <!-- Default test -->
  </suite> <!-- Default suite -->
</testng-results>
