<?xml version="1.0" encoding="UTF-8"?>
<!-- Generated by org.testng.reporters.JUnitXMLReporter -->
<testsuite hostname="DESKTOP-PDLJJ09" ignored="0" name="New iQapture App Test Cases" tests="115" failures="1" timestamp="07 Feb 2019 08:44:39 GMT" time="49.246" errors="0">
  <testcase name="@BeforeMethod setUp" time="19.077" classname="com.testcases.BuildPageTest">
    <failure type="org.openqa.selenium.WebDriverException" message="chrome not reachable
  (Session info: chrome=71.0.3578.98)
  (Driver info: chromedriver=2.41.578737 (49da6702b16031c40d63e5618de03a32ff6c197e),platform=Windows NT 10.0.10586 x86_64) (WARNING: The server did not provide any stacktrace information)
Command duration or timeout: 0 milliseconds
Build info: version: &amp;apos;3.14.0&amp;apos;, revision: &amp;apos;aacccce0&amp;apos;, time: &amp;apos;2018-08-02T20:19:58.91Z&amp;apos;
System info: host: &amp;apos;DESKTOP-PDLJJ09&amp;apos;, ip: &amp;apos;192.168.0.24&amp;apos;, os.name: &amp;apos;Windows 10&amp;apos;, os.arch: &amp;apos;amd64&amp;apos;, os.version: &amp;apos;10.0&amp;apos;, java.version: &amp;apos;1.8.0_181&amp;apos;
Driver info: org.openqa.selenium.chrome.ChromeDriver
Capabilities {acceptInsecureCerts: false, acceptSslCerts: false, applicationCacheEnabled: false, browserConnectionEnabled: false, browserName: chrome, chrome: {chromedriverVersion: 2.41.578737 (49da6702b16031..., userDataDir: C:\Users\UMAMAH~1\AppData\L...}, cssSelectorsEnabled: true, databaseEnabled: false, goog:chromeOptions: {debuggerAddress: localhost:56326}, handlesAlerts: true, hasTouchScreen: false, javascriptEnabled: true, locationContextEnabled: true, mobileEmulationEnabled: false, nativeEvents: true, networkConnectionEnabled: false, pageLoadStrategy: normal, platform: XP, platformName: XP, rotatable: false, setWindowRect: true, takesHeapSnapshot: true, takesScreenshot: true, unexpectedAlertBehaviour: , unhandledPromptBehavior: , version: 71.0.3578.98, webStorageEnabled: true}
Session ID: ce63b5dd4400b6f9e224a8ea30333da9">
      <![CDATA[org.openqa.selenium.WebDriverException: chrome not reachable
  (Session info: chrome=71.0.3578.98)
  (Driver info: chromedriver=2.41.578737 (49da6702b16031c40d63e5618de03a32ff6c197e),platform=Windows NT 10.0.10586 x86_64) (WARNING: The server did not provide any stacktrace information)
Command duration or timeout: 0 milliseconds
Build info: version: '3.14.0', revision: 'aacccce0', time: '2018-08-02T20:19:58.91Z'
System info: host: 'DESKTOP-PDLJJ09', ip: '192.168.0.24', os.name: 'Windows 10', os.arch: 'amd64', os.version: '10.0', java.version: '1.8.0_181'
Driver info: org.openqa.selenium.chrome.ChromeDriver
Capabilities {acceptInsecureCerts: false, acceptSslCerts: false, applicationCacheEnabled: false, browserConnectionEnabled: false, browserName: chrome, chrome: {chromedriverVersion: 2.41.578737 (49da6702b16031..., userDataDir: C:\Users\UMAMAH~1\AppData\L...}, cssSelectorsEnabled: true, databaseEnabled: false, goog:chromeOptions: {debuggerAddress: localhost:56326}, handlesAlerts: true, hasTouchScreen: false, javascriptEnabled: true, locationContextEnabled: true, mobileEmulationEnabled: false, nativeEvents: true, networkConnectionEnabled: false, pageLoadStrategy: normal, platform: XP, platformName: XP, rotatable: false, setWindowRect: true, takesHeapSnapshot: true, takesScreenshot: true, unexpectedAlertBehaviour: , unhandledPromptBehavior: , version: 71.0.3578.98, webStorageEnabled: true}
Session ID: ce63b5dd4400b6f9e224a8ea30333da9
	at org.openqa.selenium.remote.ErrorHandler.createThrowable(ErrorHandler.java:214)
	at org.openqa.selenium.remote.ErrorHandler.throwIfResponseFailed(ErrorHandler.java:166)
	at org.openqa.selenium.remote.http.JsonHttpResponseCodec.reconstructValue(JsonHttpResponseCodec.java:40)
	at org.openqa.selenium.remote.http.AbstractHttpResponseCodec.decode(AbstractHttpResponseCodec.java:80)
	at org.openqa.selenium.remote.http.AbstractHttpResponseCodec.decode(AbstractHttpResponseCodec.java:44)
	at org.openqa.selenium.remote.HttpCommandExecutor.execute(HttpCommandExecutor.java:158)
	at org.openqa.selenium.remote.service.DriverCommandExecutor.execute(DriverCommandExecutor.java:83)
	at org.openqa.selenium.remote.RemoteWebDriver.execute(RemoteWebDriver.java:548)
	at org.openqa.selenium.remote.RemoteWebDriver.execute(RemoteWebDriver.java:605)
	at org.openqa.selenium.remote.RemoteWebDriver$RemoteWebDriverOptions.deleteAllCookies(RemoteWebDriver.java:690)
	at org.openqa.selenium.support.events.EventFiringWebDriver$EventFiringOptions.deleteAllCookies(EventFiringWebDriver.java:629)
	at com.base.TestBase.initialization(TestBase.java:60)
	at com.testcases.BuildPageTest.setUp(BuildPageTest.java:33)
... Removed 31 stack frames]]>
    </failure>
  </testcase> <!-- @BeforeMethod setUp -->
  <testcase name="@BeforeMethod setUp" time="0.0" classname="com.testcases.BuildPageTest">
    <skipped/>
  </testcase> <!-- @BeforeMethod setUp -->
  <testcase name="@BeforeMethod setUp" time="0.0" classname="com.testcases.BuildPageTest">
    <skipped/>
  </testcase> <!-- @BeforeMethod setUp -->
  <testcase name="@BeforeMethod setUp" time="0.0" classname="com.testcases.BuildPageTest">
    <skipped/>
  </testcase> <!-- @BeforeMethod setUp -->
  <testcase name="@BeforeMethod setUp" time="11.856" classname="com.testcases.CapturePageTest">
    <failure type="org.openqa.selenium.NoSuchWindowException" message="no such window: target window already closed
from unknown error: web view not found
  (Session info: chrome=71.0.3578.98)
  (Driver info: chromedriver=2.41.578737 (49da6702b16031c40d63e5618de03a32ff6c197e),platform=Windows NT 10.0.10586 x86_64) (WARNING: The server did not provide any stacktrace information)
Command duration or timeout: 0 milliseconds
Build info: version: &amp;apos;3.14.0&amp;apos;, revision: &amp;apos;aacccce0&amp;apos;, time: &amp;apos;2018-08-02T20:19:58.91Z&amp;apos;
System info: host: &amp;apos;DESKTOP-PDLJJ09&amp;apos;, ip: &amp;apos;192.168.0.24&amp;apos;, os.name: &amp;apos;Windows 10&amp;apos;, os.arch: &amp;apos;amd64&amp;apos;, os.version: &amp;apos;10.0&amp;apos;, java.version: &amp;apos;1.8.0_181&amp;apos;
Driver info: org.openqa.selenium.chrome.ChromeDriver
Capabilities {acceptInsecureCerts: false, acceptSslCerts: false, applicationCacheEnabled: false, browserConnectionEnabled: false, browserName: chrome, chrome: {chromedriverVersion: 2.41.578737 (49da6702b16031..., userDataDir: C:\Users\UMAMAH~1\AppData\L...}, cssSelectorsEnabled: true, databaseEnabled: false, goog:chromeOptions: {debuggerAddress: localhost:56423}, handlesAlerts: true, hasTouchScreen: false, javascriptEnabled: true, locationContextEnabled: true, mobileEmulationEnabled: false, nativeEvents: true, networkConnectionEnabled: false, pageLoadStrategy: normal, platform: XP, platformName: XP, rotatable: false, setWindowRect: true, takesHeapSnapshot: true, takesScreenshot: true, unexpectedAlertBehaviour: , unhandledPromptBehavior: , version: 71.0.3578.98, webStorageEnabled: true}
Session ID: 5b8fc0c426755dded3bb20204786adb4
*** Element info: {Using=id, value=txtLoginName}">
      <![CDATA[org.openqa.selenium.NoSuchWindowException: no such window: target window already closed
from unknown error: web view not found
  (Session info: chrome=71.0.3578.98)
  (Driver info: chromedriver=2.41.578737 (49da6702b16031c40d63e5618de03a32ff6c197e),platform=Windows NT 10.0.10586 x86_64) (WARNING: The server did not provide any stacktrace information)
Command duration or timeout: 0 milliseconds
Build info: version: '3.14.0', revision: 'aacccce0', time: '2018-08-02T20:19:58.91Z'
System info: host: 'DESKTOP-PDLJJ09', ip: '192.168.0.24', os.name: 'Windows 10', os.arch: 'amd64', os.version: '10.0', java.version: '1.8.0_181'
Driver info: org.openqa.selenium.chrome.ChromeDriver
Capabilities {acceptInsecureCerts: false, acceptSslCerts: false, applicationCacheEnabled: false, browserConnectionEnabled: false, browserName: chrome, chrome: {chromedriverVersion: 2.41.578737 (49da6702b16031..., userDataDir: C:\Users\UMAMAH~1\AppData\L...}, cssSelectorsEnabled: true, databaseEnabled: false, goog:chromeOptions: {debuggerAddress: localhost:56423}, handlesAlerts: true, hasTouchScreen: false, javascriptEnabled: true, locationContextEnabled: true, mobileEmulationEnabled: false, nativeEvents: true, networkConnectionEnabled: false, pageLoadStrategy: normal, platform: XP, platformName: XP, rotatable: false, setWindowRect: true, takesHeapSnapshot: true, takesScreenshot: true, unexpectedAlertBehaviour: , unhandledPromptBehavior: , version: 71.0.3578.98, webStorageEnabled: true}
Session ID: 5b8fc0c426755dded3bb20204786adb4
*** Element info: {Using=id, value=txtLoginName}
	at org.openqa.selenium.remote.ErrorHandler.createThrowable(ErrorHandler.java:214)
	at org.openqa.selenium.remote.ErrorHandler.throwIfResponseFailed(ErrorHandler.java:166)
	at org.openqa.selenium.remote.http.JsonHttpResponseCodec.reconstructValue(JsonHttpResponseCodec.java:40)
	at org.openqa.selenium.remote.http.AbstractHttpResponseCodec.decode(AbstractHttpResponseCodec.java:80)
	at org.openqa.selenium.remote.http.AbstractHttpResponseCodec.decode(AbstractHttpResponseCodec.java:44)
	at org.openqa.selenium.remote.HttpCommandExecutor.execute(HttpCommandExecutor.java:158)
	at org.openqa.selenium.remote.service.DriverCommandExecutor.execute(DriverCommandExecutor.java:83)
	at org.openqa.selenium.remote.RemoteWebDriver.execute(RemoteWebDriver.java:548)
	at org.openqa.selenium.remote.RemoteWebDriver.findElement(RemoteWebDriver.java:322)
	at org.openqa.selenium.remote.RemoteWebDriver.findElementById(RemoteWebDriver.java:368)
	at org.openqa.selenium.By$ById.findElement(By.java:188)
	at org.openqa.selenium.remote.RemoteWebDriver.findElement(RemoteWebDriver.java:314)
	at org.openqa.selenium.support.events.EventFiringWebDriver.lambda$new$1(EventFiringWebDriver.java:105)
	at com.sun.proxy.$Proxy7.findElement(Unknown Source)
	at org.openqa.selenium.support.events.EventFiringWebDriver.findElement(EventFiringWebDriver.java:194)
	at org.openqa.selenium.support.pagefactory.DefaultElementLocator.findElement(DefaultElementLocator.java:69)
	at org.openqa.selenium.support.pagefactory.internal.LocatingElementHandler.invoke(LocatingElementHandler.java:38)
	at com.sun.proxy.$Proxy11.sendKeys(Unknown Source)
	at com.pages.LoginPage.login(LoginPage.java:45)
	at com.testcases.CapturePageTest.setUp(CapturePageTest.java:43)
... Removed 35 stack frames]]>
    </failure>
  </testcase> <!-- @BeforeMethod setUp -->
  <testcase name="@BeforeMethod setUp" time="2.564" classname="com.testcases.AnalysePageTest">
    <failure type="org.openqa.selenium.SessionNotCreatedException" message="session not created exception
from disconnected: received Inspector.detached event
  (Session info: chrome=71.0.3578.98)
  (Driver info: chromedriver=2.41.578737 (49da6702b16031c40d63e5618de03a32ff6c197e),platform=Windows NT 10.0.10586 x86_64) (WARNING: The server did not provide any stacktrace information)
Command duration or timeout: 1.95 seconds
Build info: version: &amp;apos;3.14.0&amp;apos;, revision: &amp;apos;aacccce0&amp;apos;, time: &amp;apos;2018-08-02T20:19:58.91Z&amp;apos;
System info: host: &amp;apos;DESKTOP-PDLJJ09&amp;apos;, ip: &amp;apos;192.168.0.24&amp;apos;, os.name: &amp;apos;Windows 10&amp;apos;, os.arch: &amp;apos;amd64&amp;apos;, os.version: &amp;apos;10.0&amp;apos;, java.version: &amp;apos;1.8.0_181&amp;apos;
Driver info: driver.version: ChromeDriver">
      <![CDATA[org.openqa.selenium.SessionNotCreatedException: session not created exception
from disconnected: received Inspector.detached event
  (Session info: chrome=71.0.3578.98)
  (Driver info: chromedriver=2.41.578737 (49da6702b16031c40d63e5618de03a32ff6c197e),platform=Windows NT 10.0.10586 x86_64) (WARNING: The server did not provide any stacktrace information)
Command duration or timeout: 1.95 seconds
Build info: version: '3.14.0', revision: 'aacccce0', time: '2018-08-02T20:19:58.91Z'
System info: host: 'DESKTOP-PDLJJ09', ip: '192.168.0.24', os.name: 'Windows 10', os.arch: 'amd64', os.version: '10.0', java.version: '1.8.0_181'
Driver info: driver.version: ChromeDriver
	at org.openqa.selenium.remote.ErrorHandler.createThrowable(ErrorHandler.java:214)
	at org.openqa.selenium.remote.ErrorHandler.throwIfResponseFailed(ErrorHandler.java:166)
	at org.openqa.selenium.remote.JsonWireProtocolResponse.lambda$new$0(JsonWireProtocolResponse.java:53)
	at org.openqa.selenium.remote.JsonWireProtocolResponse.lambda$getResponseFunction$2(JsonWireProtocolResponse.java:91)
	at org.openqa.selenium.remote.ProtocolHandshake.lambda$createSession$0(ProtocolHandshake.java:122)
	at java.util.stream.ReferencePipeline$3$1.accept(ReferencePipeline.java:193)
	at java.util.Spliterators$ArraySpliterator.tryAdvance(Spliterators.java:958)
	at java.util.stream.ReferencePipeline.forEachWithCancel(ReferencePipeline.java:126)
	at java.util.stream.AbstractPipeline.copyIntoWithCancel(AbstractPipeline.java:498)
	at java.util.stream.AbstractPipeline.copyInto(AbstractPipeline.java:485)
	at java.util.stream.AbstractPipeline.wrapAndCopyInto(AbstractPipeline.java:471)
	at java.util.stream.FindOps$FindOp.evaluateSequential(FindOps.java:152)
	at java.util.stream.AbstractPipeline.evaluate(AbstractPipeline.java:234)
	at java.util.stream.ReferencePipeline.findFirst(ReferencePipeline.java:464)
	at org.openqa.selenium.remote.ProtocolHandshake.createSession(ProtocolHandshake.java:125)
	at org.openqa.selenium.remote.ProtocolHandshake.createSession(ProtocolHandshake.java:73)
	at org.openqa.selenium.remote.HttpCommandExecutor.execute(HttpCommandExecutor.java:136)
	at org.openqa.selenium.remote.service.DriverCommandExecutor.execute(DriverCommandExecutor.java:83)
	at org.openqa.selenium.remote.RemoteWebDriver.execute(RemoteWebDriver.java:548)
	at org.openqa.selenium.remote.RemoteWebDriver.startSession(RemoteWebDriver.java:212)
	at org.openqa.selenium.remote.RemoteWebDriver.<init>(RemoteWebDriver.java:130)
	at org.openqa.selenium.chrome.ChromeDriver.<init>(ChromeDriver.java:181)
	at org.openqa.selenium.chrome.ChromeDriver.<init>(ChromeDriver.java:168)
	at org.openqa.selenium.chrome.ChromeDriver.<init>(ChromeDriver.java:123)
	at com.base.TestBase.initialization(TestBase.java:45)
	at com.testcases.AnalysePageTest.setUp(AnalysePageTest.java:33)
... Removed 31 stack frames]]>
    </failure>
  </testcase> <!-- @BeforeMethod setUp -->
  <testcase name="@BeforeMethod setUp" time="0.0" classname="com.testcases.AnalysePageTest">
    <skipped/>
  </testcase> <!-- @BeforeMethod setUp -->
  <testcase name="@BeforeMethod setUp" time="0.0" classname="com.testcases.AnalysePageTest">
    <skipped/>
  </testcase> <!-- @BeforeMethod setUp -->
  <testcase name="@BeforeMethod setUp" time="0.0" classname="com.testcases.AnalysePageTest">
    <skipped/>
  </testcase> <!-- @BeforeMethod setUp -->
  <testcase name="@BeforeMethod setUp" time="4.318" classname="com.testcases.DashBoardPageTest">
    <failure type="org.openqa.selenium.NoSuchWindowException" message="no such window: target window already closed
from unknown error: web view not found
  (Session info: chrome=71.0.3578.98)
  (Driver info: chromedriver=2.41.578737 (49da6702b16031c40d63e5618de03a32ff6c197e),platform=Windows NT 10.0.10586 x86_64) (WARNING: The server did not provide any stacktrace information)
Command duration or timeout: 0 milliseconds
Build info: version: &amp;apos;3.14.0&amp;apos;, revision: &amp;apos;aacccce0&amp;apos;, time: &amp;apos;2018-08-02T20:19:58.91Z&amp;apos;
System info: host: &amp;apos;DESKTOP-PDLJJ09&amp;apos;, ip: &amp;apos;192.168.0.24&amp;apos;, os.name: &amp;apos;Windows 10&amp;apos;, os.arch: &amp;apos;amd64&amp;apos;, os.version: &amp;apos;10.0&amp;apos;, java.version: &amp;apos;1.8.0_181&amp;apos;
Driver info: org.openqa.selenium.chrome.ChromeDriver
Capabilities {acceptInsecureCerts: false, acceptSslCerts: false, applicationCacheEnabled: false, browserConnectionEnabled: false, browserName: chrome, chrome: {chromedriverVersion: 2.41.578737 (49da6702b16031..., userDataDir: C:\Users\UMAMAH~1\AppData\L...}, cssSelectorsEnabled: true, databaseEnabled: false, goog:chromeOptions: {debuggerAddress: localhost:56483}, handlesAlerts: true, hasTouchScreen: false, javascriptEnabled: true, locationContextEnabled: true, mobileEmulationEnabled: false, nativeEvents: true, networkConnectionEnabled: false, pageLoadStrategy: normal, platform: XP, platformName: XP, rotatable: false, setWindowRect: true, takesHeapSnapshot: true, takesScreenshot: true, unexpectedAlertBehaviour: , unhandledPromptBehavior: , version: 71.0.3578.98, webStorageEnabled: true}
Session ID: 3043da0d9b88753b5f59c833ee44509d">
      <![CDATA[org.openqa.selenium.NoSuchWindowException: no such window: target window already closed
from unknown error: web view not found
  (Session info: chrome=71.0.3578.98)
  (Driver info: chromedriver=2.41.578737 (49da6702b16031c40d63e5618de03a32ff6c197e),platform=Windows NT 10.0.10586 x86_64) (WARNING: The server did not provide any stacktrace information)
Command duration or timeout: 0 milliseconds
Build info: version: '3.14.0', revision: 'aacccce0', time: '2018-08-02T20:19:58.91Z'
System info: host: 'DESKTOP-PDLJJ09', ip: '192.168.0.24', os.name: 'Windows 10', os.arch: 'amd64', os.version: '10.0', java.version: '1.8.0_181'
Driver info: org.openqa.selenium.chrome.ChromeDriver
Capabilities {acceptInsecureCerts: false, acceptSslCerts: false, applicationCacheEnabled: false, browserConnectionEnabled: false, browserName: chrome, chrome: {chromedriverVersion: 2.41.578737 (49da6702b16031..., userDataDir: C:\Users\UMAMAH~1\AppData\L...}, cssSelectorsEnabled: true, databaseEnabled: false, goog:chromeOptions: {debuggerAddress: localhost:56483}, handlesAlerts: true, hasTouchScreen: false, javascriptEnabled: true, locationContextEnabled: true, mobileEmulationEnabled: false, nativeEvents: true, networkConnectionEnabled: false, pageLoadStrategy: normal, platform: XP, platformName: XP, rotatable: false, setWindowRect: true, takesHeapSnapshot: true, takesScreenshot: true, unexpectedAlertBehaviour: , unhandledPromptBehavior: , version: 71.0.3578.98, webStorageEnabled: true}
Session ID: 3043da0d9b88753b5f59c833ee44509d
	at org.openqa.selenium.remote.ErrorHandler.createThrowable(ErrorHandler.java:214)
	at org.openqa.selenium.remote.ErrorHandler.throwIfResponseFailed(ErrorHandler.java:166)
	at org.openqa.selenium.remote.http.JsonHttpResponseCodec.reconstructValue(JsonHttpResponseCodec.java:40)
	at org.openqa.selenium.remote.http.AbstractHttpResponseCodec.decode(AbstractHttpResponseCodec.java:80)
	at org.openqa.selenium.remote.http.AbstractHttpResponseCodec.decode(AbstractHttpResponseCodec.java:44)
	at org.openqa.selenium.remote.HttpCommandExecutor.execute(HttpCommandExecutor.java:158)
	at org.openqa.selenium.remote.service.DriverCommandExecutor.execute(DriverCommandExecutor.java:83)
	at org.openqa.selenium.remote.RemoteWebDriver.execute(RemoteWebDriver.java:548)
	at org.openqa.selenium.remote.RemoteWebDriver.get(RemoteWebDriver.java:276)
	at org.openqa.selenium.support.events.EventFiringWebDriver.lambda$new$1(EventFiringWebDriver.java:105)
	at com.sun.proxy.$Proxy7.get(Unknown Source)
	at org.openqa.selenium.support.events.EventFiringWebDriver.get(EventFiringWebDriver.java:165)
	at com.base.TestBase.initialization(TestBase.java:64)
	at com.testcases.DashBoardPageTest.setUp(DashBoardPageTest.java:38)
... Removed 35 stack frames]]>
    </failure>
  </testcase> <!-- @BeforeMethod setUp -->
  <testcase name="@BeforeMethod setUp" time="0.0" classname="com.testcases.DashBoardPageTest">
    <skipped/>
  </testcase> <!-- @BeforeMethod setUp -->
  <testcase name="LoginPage_Title_Test" time="0.267" classname="com.testcases.LoginPageTest">
    <skipped/>
  </testcase> <!-- LoginPage_Title_Test -->
  <testcase name="LoginPage_Title_Test" time="0.011" classname="com.testcases.LoginPageTest">
    <failure type="java.lang.AssertionError" message="expected [login] but found [test.valuechain.com]">
      <![CDATA[java.lang.AssertionError: expected [login] but found [test.valuechain.com]
	at com.testcases.LoginPageTest.LoginPage_Title_Test(LoginPageTest.java:34)
... Removed 31 stack frames]]>
    </failure>
  </testcase> <!-- LoginPage_Title_Test -->
  <testcase name="Login_Test" time="0.0" classname="com.testcases.LoginPageTest">
    <skipped/>
  </testcase> <!-- Login_Test -->
  <testcase name="Create_Up_Issue_Test" time="0.004" classname="com.testcases.BuildPageTest">
    <skipped/>
  </testcase> <!-- Create_Up_Issue_Test -->
  <testcase name="Create_setup_for_folder_permissions_Test" time="0.0" classname="com.testcases.BuildPageTest">
    <skipped/>
  </testcase> <!-- Create_setup_for_folder_permissions_Test -->
  <testcase name="Folder_Rename_And_Deletion_Test" time="0.0" classname="com.testcases.BuildPageTest">
    <skipped/>
  </testcase> <!-- Folder_Rename_And_Deletion_Test -->
  <testcase name="Verify_BuidPage_Test" time="0.0" classname="com.testcases.BuildPageTest">
    <skipped/>
  </testcase> <!-- Verify_BuidPage_Test -->
  <testcase name="Add_all_users_from_the_company_change_permissions_and_removing_users_from_company_Test" time="0.001" classname="com.testcases.BuildPageTest">
    <skipped/>
  </testcase> <!-- Add_all_users_from_the_company_change_permissions_and_removing_users_from_company_Test -->
  <testcase name="Modify_the_Captured_Question_Test" time="0.0" classname="com.testcases.BuildPageTest">
    <skipped/>
  </testcase> <!-- Modify_the_Captured_Question_Test -->
  <testcase name="Set_DENY_permission_to_folder_Test" time="0.0" classname="com.testcases.BuildPageTest">
    <skipped/>
  </testcase> <!-- Set_DENY_permission_to_folder_Test -->
  <testcase name="Set_DO_permission_to_subfolder_Test" time="0.0" classname="com.testcases.BuildPageTest">
    <skipped/>
  </testcase> <!-- Set_DO_permission_to_subfolder_Test -->
  <testcase name="Set_main_folder_permission_to_VIEW_and_Set_sub_folder_permission_to_DO_Test" time="0.0" classname="com.testcases.BuildPageTest">
    <skipped/>
  </testcase> <!-- Set_main_folder_permission_to_VIEW_and_Set_sub_folder_permission_to_DO_Test -->
  <testcase name="Set_main_folder_permission_to_VIEW_and_verify_the_same_applied_to_newly_added_subfolders_Test" time="0.0" classname="com.testcases.BuildPageTest">
    <skipped/>
  </testcase> <!-- Set_main_folder_permission_to_VIEW_and_verify_the_same_applied_to_newly_added_subfolders_Test -->
  <testcase name="Set_main_folder_permission_to_VIEW_and_verify_the_same_applied_to_subfolders_Test" time="0.0" classname="com.testcases.BuildPageTest">
    <skipped/>
  </testcase> <!-- Set_main_folder_permission_to_VIEW_and_verify_the_same_applied_to_subfolders_Test -->
  <testcase name="Set_the_folder_permission_to_DO_folders_Test" time="0.0" classname="com.testcases.BuildPageTest">
    <skipped/>
  </testcase> <!-- Set_the_folder_permission_to_DO_folders_Test -->
  <testcase name="Set_the_folder_permission_to_MODERATOR_folders_Test" time="0.0" classname="com.testcases.BuildPageTest">
    <skipped/>
  </testcase> <!-- Set_the_folder_permission_to_MODERATOR_folders_Test -->
  <testcase name="Set_the_folder_permission_to_VIEW_folders_Test" time="0.0" classname="com.testcases.BuildPageTest">
    <skipped/>
  </testcase> <!-- Set_the_folder_permission_to_VIEW_folders_Test -->
  <testcase name="Up_Issue_on_modifying_questionnaire_Test" time="0.0" classname="com.testcases.BuildPageTest">
    <skipped/>
  </testcase> <!-- Up_Issue_on_modifying_questionnaire_Test -->
  <testcase name="Create_Folder_Test" time="0.0" classname="com.testcases.BuildPageTest">
    <skipped/>
  </testcase> <!-- Create_Folder_Test -->
  <testcase name="Set_different_permission_to_locked_folder_and_reset_the_permissions_to_older_Test" time="0.0" classname="com.testcases.BuildPageTest">
    <skipped/>
  </testcase> <!-- Set_different_permission_to_locked_folder_and_reset_the_permissions_to_older_Test -->
  <testcase name="Set_main_folder_to_VIEW_and_Set_sub_folder_to_DO_Delete_main_folder_permision_and_check_subfolder_permision_status_Test" time="0.0" classname="com.testcases.BuildPageTest">
    <skipped/>
  </testcase> <!-- Set_main_folder_to_VIEW_and_Set_sub_folder_to_DO_Delete_main_folder_permision_and_check_subfolder_permision_status_Test -->
  <testcase name="Create_Nested_Folder_Test" time="0.0" classname="com.testcases.BuildPageTest">
    <skipped/>
  </testcase> <!-- Create_Nested_Folder_Test -->
  <testcase name="Add_Activity_Quesionnaire_Test" time="0.0" classname="com.testcases.BuildPageTest">
    <skipped/>
  </testcase> <!-- Add_Activity_Quesionnaire_Test -->
  <testcase name="Add_Advanced_Table_Property_Wizard_Quesionnaire_Test" time="0.0" classname="com.testcases.BuildPageTest">
    <skipped/>
  </testcase> <!-- Add_Advanced_Table_Property_Wizard_Quesionnaire_Test -->
  <testcase name="Add_Advanced_Table_Quesionnaire_Test" time="0.0" classname="com.testcases.BuildPageTest">
    <skipped/>
  </testcase> <!-- Add_Advanced_Table_Quesionnaire_Test -->
  <testcase name="Add_Date_Quesionnaire_Test" time="0.0" classname="com.testcases.BuildPageTest">
    <skipped/>
  </testcase> <!-- Add_Date_Quesionnaire_Test -->
  <testcase name="Add_MultiChoice_DropDown_And_CheckBox_Quesionnaires_Test" time="0.0" classname="com.testcases.BuildPageTest">
    <skipped/>
  </testcase> <!-- Add_MultiChoice_DropDown_And_CheckBox_Quesionnaires_Test -->
  <testcase name="Add_MultiChoice_Item_To_Quesionnaire_Test" time="0.0" classname="com.testcases.BuildPageTest">
    <skipped/>
  </testcase> <!-- Add_MultiChoice_Item_To_Quesionnaire_Test -->
  <testcase name="Add_MultiChoice_Item_With_Comment_Ading_Updating_And_Deleting_Test" time="0.0" classname="com.testcases.BuildPageTest">
    <skipped/>
  </testcase> <!-- Add_MultiChoice_Item_With_Comment_Ading_Updating_And_Deleting_Test -->
  <testcase name="Add_MultiChoice_Item_With_HML_Option_And_Score_To_The_Questionary_Test" time="0.0" classname="com.testcases.BuildPageTest">
    <skipped/>
  </testcase> <!-- Add_MultiChoice_Item_With_HML_Option_And_Score_To_The_Questionary_Test -->
  <testcase name="Add_MultiChoice_Item_With_Levels_To_Questionnaire_Test" time="0.0" classname="com.testcases.BuildPageTest">
    <skipped/>
  </testcase> <!-- Add_MultiChoice_Item_With_Levels_To_Questionnaire_Test -->
  <testcase name="Add_MultiChoice_Item_With_Numbering_Manually_To_Questionnaire_Test" time="0.0" classname="com.testcases.BuildPageTest">
    <skipped/>
  </testcase> <!-- Add_MultiChoice_Item_With_Numbering_Manually_To_Questionnaire_Test -->
  <testcase name="Add_MultiChoice_Item_With_Numbering_None_To_Questionnaire_Test" time="0.0" classname="com.testcases.BuildPageTest">
    <skipped/>
  </testcase> <!-- Add_MultiChoice_Item_With_Numbering_None_To_Questionnaire_Test -->
  <testcase name="Add_MultiChoice_Item_With_YesNoNA_Option_And_Score_To_The_Questionary_Test" time="0.0" classname="com.testcases.BuildPageTest">
    <skipped/>
  </testcase> <!-- Add_MultiChoice_Item_With_YesNoNA_Option_And_Score_To_The_Questionary_Test -->
  <testcase name="Add_Multichoice_Answer_Hint_Score_Manually_Test" time="0.0" classname="com.testcases.BuildPageTest">
    <skipped/>
  </testcase> <!-- Add_Multichoice_Answer_Hint_Score_Manually_Test -->
  <testcase name="Add_Multichoice_Score_Value_To_MultiChoice_Questionnaire_Test" time="0.0" classname="com.testcases.BuildPageTest">
    <skipped/>
  </testcase> <!-- Add_Multichoice_Score_Value_To_MultiChoice_Questionnaire_Test -->
  <testcase name="Add_Number_Quesionnaire_Test" time="0.0" classname="com.testcases.BuildPageTest">
    <skipped/>
  </testcase> <!-- Add_Number_Quesionnaire_Test -->
  <testcase name="Add_Text_Item_To_Questionnaire_Test" time="0.0" classname="com.testcases.BuildPageTest">
    <skipped/>
  </testcase> <!-- Add_Text_Item_To_Questionnaire_Test -->
  <testcase name="Add_Text_Item_With_Comment_Ading_Updating_Deleting_Test" time="0.0" classname="com.testcases.BuildPageTest">
    <skipped/>
  </testcase> <!-- Add_Text_Item_With_Comment_Ading_Updating_Deleting_Test -->
  <testcase name="Add_Text_Item_With_Levels_To_Questionnaire_Test" time="0.0" classname="com.testcases.BuildPageTest">
    <skipped/>
  </testcase> <!-- Add_Text_Item_With_Levels_To_Questionnaire_Test -->
  <testcase name="Add_Text_Item_With_Numbering_Manually_To_Questionnaire_Test" time="0.001" classname="com.testcases.BuildPageTest">
    <skipped/>
  </testcase> <!-- Add_Text_Item_With_Numbering_Manually_To_Questionnaire_Test -->
  <testcase name="Add_Text_Item_With_Numbering_None_To_Questionnaire_Test" time="0.0" classname="com.testcases.BuildPageTest">
    <skipped/>
  </testcase> <!-- Add_Text_Item_With_Numbering_None_To_Questionnaire_Test -->
  <testcase name="Add_UploadFile_And_Section_Quesionnaire_Test" time="0.0" classname="com.testcases.BuildPageTest">
    <skipped/>
  </testcase> <!-- Add_UploadFile_And_Section_Quesionnaire_Test -->
  <testcase name="Cascading_Questionnaire_option_Test" time="0.0" classname="com.testcases.BuildPageTest">
    <skipped/>
  </testcase> <!-- Cascading_Questionnaire_option_Test -->
  <testcase name="Create_Questionnaire_Test" time="0.0" classname="com.testcases.BuildPageTest">
    <skipped/>
  </testcase> <!-- Create_Questionnaire_Test -->
  <testcase name="Delete_Questionnairie_Test" time="0.0" classname="com.testcases.BuildPageTest">
    <skipped/>
  </testcase> <!-- Delete_Questionnairie_Test -->
  <testcase name="Move_Questionnaire_From_One_Folder_To_Other_Folder_Test" time="0.0" classname="com.testcases.BuildPageTest">
    <skipped/>
  </testcase> <!-- Move_Questionnaire_From_One_Folder_To_Other_Folder_Test -->
  <testcase name="Preview_Quesionnaire_Test" time="0.0" classname="com.testcases.BuildPageTest">
    <skipped/>
  </testcase> <!-- Preview_Quesionnaire_Test -->
  <testcase name="Rename_Questionnaire_Test" time="0.0" classname="com.testcases.BuildPageTest">
    <skipped/>
  </testcase> <!-- Rename_Questionnaire_Test -->
  <testcase name="Settings_Delete_functionality_for_the_Strike_out_record" time="0.0" classname="com.testcases.BuildPageTest">
    <skipped/>
  </testcase> <!-- Settings_Delete_functionality_for_the_Strike_out_record -->
  <testcase name="Settings_Schedules_Questionnaire_Test" time="0.0" classname="com.testcases.BuildPageTest">
    <skipped/>
  </testcase> <!-- Settings_Schedules_Questionnaire_Test -->
  <testcase name="Settings_Score_Addition_Delete_Copy_Questionnaire_Test" time="0.0" classname="com.testcases.BuildPageTest">
    <skipped/>
  </testcase> <!-- Settings_Score_Addition_Delete_Copy_Questionnaire_Test -->
  <testcase name="Settings_Score_Multiply_StrikeOut_FileUpload_Questionnaire_Test" time="0.0" classname="com.testcases.BuildPageTest">
    <skipped/>
  </testcase> <!-- Settings_Score_Multiply_StrikeOut_FileUpload_Questionnaire_Test -->
  <testcase name="Upload_Image_To_Questionnaire_Test" time="0.0" classname="com.testcases.BuildPageTest">
    <skipped/>
  </testcase> <!-- Upload_Image_To_Questionnaire_Test -->
  <testcase name="verify_MultiChoice_upload_button_functionality_Test" time="0.0" classname="com.testcases.BuildPageTest">
    <skipped/>
  </testcase> <!-- verify_MultiChoice_upload_button_functionality_Test -->
  <testcase name="CapturePage_Title_Test" time="0.0" classname="com.testcases.CapturePageTest">
    <skipped/>
  </testcase> <!-- CapturePage_Title_Test -->
  <testcase name="Navigating_To_Questionnaires_Directory_Test" time="0.0" classname="com.testcases.CapturePageTest">
    <skipped/>
  </testcase> <!-- Navigating_To_Questionnaires_Directory_Test -->
  <testcase name="Activity_Questionnaire_Test" time="0.0" classname="com.testcases.CapturePageTest">
    <skipped/>
  </testcase> <!-- Activity_Questionnaire_Test -->
  <testcase name="Advanced_Questionnaire_Test" time="0.0" classname="com.testcases.CapturePageTest">
    <skipped/>
  </testcase> <!-- Advanced_Questionnaire_Test -->
  <testcase name="Complete_Reopen_MultiChoice_Questionnaire_Test" time="0.0" classname="com.testcases.CapturePageTest">
    <skipped/>
  </testcase> <!-- Complete_Reopen_MultiChoice_Questionnaire_Test -->
  <testcase name="Date_Questionnaire_Test" time="0.0" classname="com.testcases.CapturePageTest">
    <skipped/>
  </testcase> <!-- Date_Questionnaire_Test -->
  <testcase name="FileUpload_Questionnaire_Test" time="0.0" classname="com.testcases.CapturePageTest">
    <skipped/>
  </testcase> <!-- FileUpload_Questionnaire_Test -->
  <testcase name="MultiChoice_Answer_Hint_Score_Questionnaire_Test" time="0.0" classname="com.testcases.CapturePageTest">
    <skipped/>
  </testcase> <!-- MultiChoice_Answer_Hint_Score_Questionnaire_Test -->
  <testcase name="MultiChoice_Comment_Questionnaire_Test" time="0.0" classname="com.testcases.CapturePageTest">
    <skipped/>
  </testcase> <!-- MultiChoice_Comment_Questionnaire_Test -->
  <testcase name="MultiChoice_DropDown_and_CheckBox_Questionnaire_Test" time="0.0" classname="com.testcases.CapturePageTest">
    <skipped/>
  </testcase> <!-- MultiChoice_DropDown_and_CheckBox_Questionnaire_Test -->
  <testcase name="MultiChoice_HML_Score_Questionnaire_Test" time="0.0" classname="com.testcases.CapturePageTest">
    <skipped/>
  </testcase> <!-- MultiChoice_HML_Score_Questionnaire_Test -->
  <testcase name="MultiChoice_Levels_Questionnaire_Test" time="0.0" classname="com.testcases.CapturePageTest">
    <skipped/>
  </testcase> <!-- MultiChoice_Levels_Questionnaire_Test -->
  <testcase name="MultiChoice_Questionnaire_Test" time="0.0" classname="com.testcases.CapturePageTest">
    <skipped/>
  </testcase> <!-- MultiChoice_Questionnaire_Test -->
  <testcase name="MultiChoice_YesNoNA_Questionnaire_Test" time="0.0" classname="com.testcases.CapturePageTest">
    <skipped/>
  </testcase> <!-- MultiChoice_YesNoNA_Questionnaire_Test -->
  <testcase name="Number_Questionnaire_Test" time="0.0" classname="com.testcases.CapturePageTest">
    <skipped/>
  </testcase> <!-- Number_Questionnaire_Test -->
  <testcase name="Settings_Score_Addition_Delete_Copy_Questionnaire_Test" time="0.0" classname="com.testcases.CapturePageTest">
    <skipped/>
  </testcase> <!-- Settings_Score_Addition_Delete_Copy_Questionnaire_Test -->
  <testcase name="Settings_Score_Multiply_StrikeOut_FileUpload_Questionnaire_Test" time="0.0" classname="com.testcases.CapturePageTest">
    <skipped/>
  </testcase> <!-- Settings_Score_Multiply_StrikeOut_FileUpload_Questionnaire_Test -->
  <testcase name="Text_Comment_Questionnaire_Test" time="0.0" classname="com.testcases.CapturePageTest">
    <skipped/>
  </testcase> <!-- Text_Comment_Questionnaire_Test -->
  <testcase name="Text_LevelsQuestionnaire_Test" time="0.0" classname="com.testcases.CapturePageTest">
    <skipped/>
  </testcase> <!-- Text_LevelsQuestionnaire_Test -->
  <testcase name="Text_Number_Manual_Questionnaire_Test" time="0.0" classname="com.testcases.CapturePageTest">
    <skipped/>
  </testcase> <!-- Text_Number_Manual_Questionnaire_Test -->
  <testcase name="Text_Number_None_Questionnaire_Test" time="0.0" classname="com.testcases.CapturePageTest">
    <skipped/>
  </testcase> <!-- Text_Number_None_Questionnaire_Test -->
  <testcase name="AnalysePage_Test" time="0.0" classname="com.testcases.AnalysePageTest">
    <skipped/>
  </testcase> <!-- AnalysePage_Test -->
  <testcase name="Create_Publish_Report_Test" time="0.0" classname="com.testcases.AnalysePageTest">
    <skipped/>
  </testcase> <!-- Create_Publish_Report_Test -->
  <testcase name="Upload_report_without_tags_and_view_the_publish_report_and_verify_error_msg_Test" time="0.0" classname="com.testcases.AnalysePageTest">
    <skipped/>
  </testcase> <!-- Upload_report_without_tags_and_view_the_publish_report_and_verify_error_msg_Test -->
  <testcase name="View_published_report_without_template_Test" time="0.0" classname="com.testcases.AnalysePageTest">
    <skipped/>
  </testcase> <!-- View_published_report_without_template_Test -->
  <testcase name="Add_all_and_Remove_all_columns_Test" time="0.0" classname="com.testcases.AnalysePageTest">
    <skipped/>
  </testcase> <!-- Add_all_and_Remove_all_columns_Test -->
  <testcase name="Adding_selected_fileds_to_report_Test" time="0.0" classname="com.testcases.AnalysePageTest">
    <skipped/>
  </testcase> <!-- Adding_selected_fileds_to_report_Test -->
  <testcase name="BarChart_Design_Report_Test" time="0.0" classname="com.testcases.AnalysePageTest">
    <skipped/>
  </testcase> <!-- BarChart_Design_Report_Test -->
  <testcase name="BoxPlotChart_Design_Report_Test" time="0.0" classname="com.testcases.AnalysePageTest">
    <skipped/>
  </testcase> <!-- BoxPlotChart_Design_Report_Test -->
  <testcase name="BubbleChart_Design_Report_Test" time="0.0" classname="com.testcases.AnalysePageTest">
    <skipped/>
  </testcase> <!-- BubbleChart_Design_Report_Test -->
  <testcase name="Create_report_Test" time="0.0" classname="com.testcases.AnalysePageTest">
    <skipped/>
  </testcase> <!-- Create_report_Test -->
  <testcase name="Delete_columns_Test" time="0.0" classname="com.testcases.AnalysePageTest">
    <skipped/>
  </testcase> <!-- Delete_columns_Test -->
  <testcase name="Drop_sort_field_Ascending_and_Descending_Order_Test" time="0.0" classname="com.testcases.AnalysePageTest">
    <skipped/>
  </testcase> <!-- Drop_sort_field_Ascending_and_Descending_Order_Test -->
  <testcase name="Filter_Option_for_Date_field_Test" time="0.0" classname="com.testcases.AnalysePageTest">
    <skipped/>
  </testcase> <!-- Filter_Option_for_Date_field_Test -->
  <testcase name="Filter_Option_for_Text_field_Test" time="0.0" classname="com.testcases.AnalysePageTest">
    <skipped/>
  </testcase> <!-- Filter_Option_for_Text_field_Test -->
  <testcase name="Filter_Option_for_number_field_Test" time="0.0" classname="com.testcases.AnalysePageTest">
    <skipped/>
  </testcase> <!-- Filter_Option_for_number_field_Test -->
  <testcase name="LineChart_Design_Report_Test" time="0.0" classname="com.testcases.AnalysePageTest">
    <skipped/>
  </testcase> <!-- LineChart_Design_Report_Test -->
  <testcase name="PieChart_Design_Report_Test" time="0.0" classname="com.testcases.AnalysePageTest">
    <skipped/>
  </testcase> <!-- PieChart_Design_Report_Test -->
  <testcase name="Questionnaire_selection_Test" time="0.0" classname="com.testcases.AnalysePageTest">
    <skipped/>
  </testcase> <!-- Questionnaire_selection_Test -->
  <testcase name="RoseChart_Design_Report_Test" time="0.0" classname="com.testcases.AnalysePageTest">
    <skipped/>
  </testcase> <!-- RoseChart_Design_Report_Test -->
  <testcase name="ScatterChart_Design_Report_Test" time="0.0" classname="com.testcases.AnalysePageTest">
    <skipped/>
  </testcase> <!-- ScatterChart_Design_Report_Test -->
  <testcase name="Share_Report_option_Test" time="0.0" classname="com.testcases.AnalysePageTest">
    <skipped/>
  </testcase> <!-- Share_Report_option_Test -->
  <testcase name="Sort_by_Group_report_Test" time="0.0" classname="com.testcases.AnalysePageTest">
    <skipped/>
  </testcase> <!-- Sort_by_Group_report_Test -->
  <testcase name="SpiderChart_Design_Report_Test" time="0.0" classname="com.testcases.AnalysePageTest">
    <skipped/>
  </testcase> <!-- SpiderChart_Design_Report_Test -->
  <testcase name="Summary_Design_Report_Test" time="0.0" classname="com.testcases.AnalysePageTest">
    <skipped/>
  </testcase> <!-- Summary_Design_Report_Test -->
  <testcase name="Swaping_columns_Test" time="0.0" classname="com.testcases.AnalysePageTest">
    <skipped/>
  </testcase> <!-- Swaping_columns_Test -->
  <testcase name="Total_of_the_selected_field_report_Test" time="0.0" classname="com.testcases.AnalysePageTest">
    <skipped/>
  </testcase> <!-- Total_of_the_selected_field_report_Test -->
  <testcase name="View_and_Download_published_report_Test" time="0.0" classname="com.testcases.AnalysePageTest">
    <skipped/>
  </testcase> <!-- View_and_Download_published_report_Test -->
  <testcase name="WaterFallChart_Design_Report_Test" time="0.0" classname="com.testcases.AnalysePageTest">
    <skipped/>
  </testcase> <!-- WaterFallChart_Design_Report_Test -->
  <testcase name="Copy_report_Test" time="0.0" classname="com.testcases.AnalysePageTest">
    <skipped/>
  </testcase> <!-- Copy_report_Test -->
  <testcase name="Download_report_in_CSV_and_Excel_formats_Test" time="0.0" classname="com.testcases.AnalysePageTest">
    <skipped/>
  </testcase> <!-- Download_report_in_CSV_and_Excel_formats_Test -->
  <testcase name="Delete_report_Test" time="0.0" classname="com.testcases.AnalysePageTest">
    <skipped/>
  </testcase> <!-- Delete_report_Test -->
  <testcase name="Verify_DashBoardLink_Test" time="0.0" classname="com.testcases.DashBoardPageTest">
    <skipped/>
  </testcase> <!-- Verify_DashBoardLink_Test -->
  <testcase name="Verify_HomePage_Title_Test" time="0.0" classname="com.testcases.DashBoardPageTest">
    <skipped/>
  </testcase> <!-- Verify_HomePage_Title_Test -->
  <testcase name="Complete_Activity_Test" time="0.0" classname="com.testcases.DashBoardPageTest">
    <skipped/>
  </testcase> <!-- Complete_Activity_Test -->
  <testcase name="Filter_Option_Results_Test" time="0.0" classname="com.testcases.DashBoardPageTest">
    <skipped/>
  </testcase> <!-- Filter_Option_Results_Test -->
  <testcase name="Late_To_Upcoming_Activity_Functionality_Test" time="0.0" classname="com.testcases.DashBoardPageTest">
    <skipped/>
  </testcase> <!-- Late_To_Upcoming_Activity_Functionality_Test -->
  <testcase name="Postpone_Activity_Test" time="0.0" classname="com.testcases.DashBoardPageTest">
    <skipped/>
  </testcase> <!-- Postpone_Activity_Test -->
  <testcase name="Upcoming_To_Late_Activity_Functionality_Test" time="0.0" classname="com.testcases.DashBoardPageTest">
    <skipped/>
  </testcase> <!-- Upcoming_To_Late_Activity_Functionality_Test -->
  <testcase name="verify_Postpone_the_already_postponed_activity_to_previous_date_not_previous_than_current_date_Test" time="0.0" classname="com.testcases.DashBoardPageTest">
    <skipped/>
  </testcase> <!-- verify_Postpone_the_already_postponed_activity_to_previous_date_not_previous_than_current_date_Test -->
</testsuite> <!-- New iQapture App Test Cases -->
